[0m23:33:23.835668 [debug] [MainThread]: Sending event: {'category': 'dbt', 'action': 'invocation', 'label': 'start', 'context': [<snowplow_tracker.self_describing_json.SelfDescribingJson object at 0x000001646A216DE0>, <snowplow_tracker.self_describing_json.SelfDescribingJson object at 0x000001646822AAB0>, <snowplow_tracker.self_describing_json.SelfDescribingJson object at 0x000001646822BE30>]}


============================== 23:33:23.855515 | a55a491a-ec77-4153-b999-a6e7c22bcfa0 ==============================
[0m23:33:23.855515 [info ] [MainThread]: Running with dbt=1.11.6
[0m23:33:23.855515 [debug] [MainThread]: running dbt with arguments {'version_check': 'True', 'no_print': 'None', 'static_parser': 'True', 'target_path': 'None', 'warn_error_options': 'WarnErrorOptionsV2(error=[], warn=[], silence=[])', 'printer_width': '80', 'write_json': 'True', 'empty': 'None', 'log_cache_events': 'False', 'introspect': 'True', 'cache_selected_only': 'False', 'fail_fast': 'False', 'debug': 'False', 'log_format': 'default', 'partial_parse': 'True', 'send_anonymous_usage_stats': 'True', 'quiet': 'False', 'warn_error': 'None', 'profiles_dir': 'C:\\Users\\morga\\.dbt', 'use_colors': 'True', 'invocation_command': 'dbt init medicare_dbt', 'indirect_selection': 'eager', 'use_experimental_parser': 'False', 'log_path': 'logs'}
[0m23:33:23.891462 [info ] [MainThread]: Creating dbt configuration folder at C:\Users\morga\.dbt
[0m23:33:23.894474 [debug] [MainThread]: Starter project path: C:\Users\morga\medicare-analytics\venv\Lib\site-packages\dbt\include\starter_project
[0m23:33:23.922373 [info ] [MainThread]: 
Your new dbt project "medicare_dbt" was created!

For more information on how to configure the profiles.yml file,
please consult the dbt documentation here:

  https://docs.getdbt.com/docs/configure-your-profile

One more thing:

Need help? Don't hesitate to reach out to us via GitHub issues or on Slack:

  https://community.getdbt.com/

Happy modeling!

[0m23:33:23.923546 [info ] [MainThread]: Setting up your profile.
[0m23:35:59.022576 [info ] [MainThread]: Profile medicare_dbt written to C:\Users\morga\.dbt\profiles.yml using target's profile_template.yml and your supplied values. Run 'dbt debug' to validate the connection.
[0m23:35:59.022576 [debug] [MainThread]: Command `dbt init` succeeded at 23:35:59.022576 after 155.35 seconds
[0m23:35:59.022576 [debug] [MainThread]: Sending event: {'category': 'dbt', 'action': 'invocation', 'label': 'end', 'context': [<snowplow_tracker.self_describing_json.SelfDescribingJson object at 0x000001646A781D00>, <snowplow_tracker.self_describing_json.SelfDescribingJson object at 0x000001646A781820>, <snowplow_tracker.self_describing_json.SelfDescribingJson object at 0x000001646AD97620>]}
[0m23:35:59.022576 [debug] [MainThread]: Flushing usage events
[0m23:35:59.572576 [debug] [MainThread]: An error was encountered while trying to flush usage events
